<?xml version="1.0" encoding="UTF-8"?>
<!-- Generated by org.testng.reporters.JUnitXMLReporter -->
<testsuite ignored="0" hostname="NTP-LAP-925" failures="0" tests="3" name="Default test" time="7.849" errors="0" timestamp="2022-12-16T00:36:58 IST">
  <testcase classname="org.ict.scripts.TestClass" name="ValidLoginVerification" time="3.208"/>
  <testcase classname="org.ict.scripts.TestClass" name="ValidHomeVerification" time="1.187"/>
  <testcase classname="org.ict.scripts.TestClass" name="ValidAddEmpVerification" time="3.353"/>
</testsuite> <!-- Default test -->
