<?xml version="1.0" encoding="UTF-8"?>
<testng-results ignored="0" total="3" passed="3" failed="0" skipped="0">
  <reporter-output>
  </reporter-output>
  <suite started-at="2022-12-16T00:36:50 IST" name="Default suite" finished-at="2022-12-16T00:36:58 IST" duration-ms="7849">
    <groups>
    </groups>
    <test started-at="2022-12-16T00:36:50 IST" name="Default test" finished-at="2022-12-16T00:36:58 IST" duration-ms="7849">
      <class name="org.ict.scripts.TestClass">
        <test-method is-config="true" signature="initialization()[pri:0, instance:org.ict.scripts.TestClass@3e11f9e9]" started-at="2022-12-16T00:36:43 IST" name="initialization" finished-at="2022-12-16T00:36:50 IST" duration-ms="7160" status="PASS">
          <reporter-output>
          </reporter-output>
        </test-method> <!-- initialization -->
        <test-method signature="ValidLoginVerification()[pri:0, instance:org.ict.scripts.TestClass@3e11f9e9]" started-at="2022-12-16T00:36:50 IST" name="ValidLoginVerification" finished-at="2022-12-16T00:36:53 IST" duration-ms="3208" status="PASS">
          <reporter-output>
          </reporter-output>
        </test-method> <!-- ValidLoginVerification -->
        <test-method signature="ValidHomeVerification()[pri:1, instance:org.ict.scripts.TestClass@3e11f9e9]" started-at="2022-12-16T00:36:53 IST" name="ValidHomeVerification" finished-at="2022-12-16T00:36:54 IST" duration-ms="1187" status="PASS">
          <reporter-output>
          </reporter-output>
        </test-method> <!-- ValidHomeVerification -->
        <test-method signature="ValidAddEmpVerification()[pri:2, instance:org.ict.scripts.TestClass@3e11f9e9]" started-at="2022-12-16T00:36:54 IST" name="ValidAddEmpVerification" finished-at="2022-12-16T00:36:58 IST" duration-ms="3353" status="PASS">
          <reporter-output>
          </reporter-output>
        </test-method> <!-- ValidAddEmpVerification -->
      </class> <!-- org.ict.scripts.TestClass -->
    </test> <!-- Default test -->
  </suite> <!-- Default suite -->
</testng-results>
